Log file open, 10/04/14 16:07:10
LogInit:Display: Running engine for game: RocketJumpPrototype
LogInit: Version: 4.4.0-0+UE4
LogInit: API Version: 0
LogInit: Compiled (64-bit): Sep 30 2014 23:47:50
LogInit: Build Configuration: Development
LogInit: Branch Name: UE4
LogInit: Command line: 
LogInit: Base directory: C:/Unreal Engine/Unreal Engine 4.4.0/Unreal Engine/Engine/Binaries/Win64/
LogInit: Rocket: 0
[2014.10.04-14.07.10:126][  0]LogTaskGraph: Started task graph with 3 named threads and 4 total threads.
[2014.10.04-14.07.10:162][  0]LogOnline:Warning: No default platform service specified for OnlineSubsystem
[2014.10.04-14.07.10:179][  0]LogInit: Presizing for 0 objects not considered by GC, pre-allocating 0 bytes.
[2014.10.04-14.07.10:188][  0]LogInit: Object subsystem initialized
[2014.10.04-14.07.10:191][  0]LogInit: Selected Device Profile: [Windows]
[2014.10.04-14.07.10:191][  0]LogInit: Applying CVar settings loaded from the selected device profile: [Windows]
[2014.10.04-14.07.10:199][  0]LogInit: Computer: HAL
[2014.10.04-14.07.10:199][  0]LogInit: User: Micha
[2014.10.04-14.07.10:201][  0]LogInit: CPU Page size=4096, Cores=2
[2014.10.04-14.07.10:201][  0]LogInit: High frequency timer resolution =2.435777 MHz
[2014.10.04-14.07.10:201][  0]LogMemory: Memory total: Physical=7.9GB (8GB approx) Virtual=131072.0GB
[2014.10.04-14.07.10:201][  0]LogMemory: Platform Memory Stats for Windows
[2014.10.04-14.07.10:201][  0]LogMemory: Process Physical Memory: 59.41 MB used, 59.41 MB peak
[2014.10.04-14.07.10:201][  0]LogMemory: Process Virtual Memory: 35.79 MB used, 35.79 MB peak
[2014.10.04-14.07.10:201][  0]LogMemory: Physical Memory: 4493.72 MB used, 8104.27 MB total
[2014.10.04-14.07.10:201][  0]LogMemory: Virtual Memory: 259.40 MB used, 134217728.00 MB total
[2014.10.04-14.07.10:402][  0]LogD3D11RHI: Found D3D11 adapter 0: Intel(R) HD Graphics 4600 (Feature Level 11_0)
[2014.10.04-14.07.10:402][  0]LogD3D11RHI: Adapter has 1016MB of dedicated video memory, 0MB of dedicated system memory, and 4052MB of shared system memory, 2 output[s]
[2014.10.04-14.07.10:404][  0]LogD3D11RHI: Found D3D11 adapter 1: Microsoft Basic Render Driver (Feature Level 11_0)
[2014.10.04-14.07.10:404][  0]LogD3D11RHI: Adapter has 0MB of dedicated video memory, 0MB of dedicated system memory, and 256MB of shared system memory, 0 output[s]
[2014.10.04-14.07.10:404][  0]LogD3D11RHI: Chosen D3D11 Adapter Id = 0
[2014.10.04-14.07.10:410][  0]LogRHI: Texture pool is 1361 MB (70% of 1945 MB)
[2014.10.04-14.07.10:425][  0]LogD3D11RHI: Async texture creation enabled
[2014.10.04-14.07.10:494][  0]LogTextLocalizationManager:Warning: The selected culture 'pl_PL' is not available; falling back to 'en'
[2014.10.04-14.07.10:577][  0]LogContentStreaming: Texture pool size is 0.000000MB
[2014.10.04-14.07.12:346][  0]LogTargetPlatformManager:Display: Building Assets For Windows
[2014.10.04-14.07.13:003][  0]LogTargetPlatformManager:Display: Building Assets For Windows
[2014.10.04-14.07.13:067][  0]LogDerivedDataCache:Display: Max Cache Size: 512 MB
[2014.10.04-14.07.13:118][  0]LogDerivedDataCache: Loaded boot cache 0.05s 39MB ../../../../../../Users/MichaB/Documents/GitHub/rocketjump_prototype/RocketJumpPrototype/DerivedDataCache/Boot.ddc.
[2014.10.04-14.07.13:118][  0]LogDerivedDataCache:Display: Loaded Boot cache: ../../../../../../Users/MichaB/Documents/GitHub/rocketjump_prototype/RocketJumpPrototype/DerivedDataCache/Boot.ddc
[2014.10.04-14.07.13:119][  0]LogDerivedDataCache: FDerivedDataBackendGraph:  Pak pak cache file ../../../../../../Users/MichaB/Documents/GitHub/rocketjump_prototype/RocketJumpPrototype/DerivedDataCache/DDC.ddp not found, will not use a pak cache.
[2014.10.04-14.07.13:119][  0]LogDerivedDataCache: Unable to find inner node Pak for hierarchical cache Hierarchy.
[2014.10.04-14.07.13:119][  0]LogDerivedDataCache: FDerivedDataBackendGraph:  EnginePak pak cache file ../../../Engine/DerivedDataCache/DDC.ddp not found, will not use a pak cache.
[2014.10.04-14.07.13:119][  0]LogDerivedDataCache: Unable to find inner node EnginePak for hierarchical cache Hierarchy.
[2014.10.04-14.07.13:132][  0]LogDerivedDataCache: Using Local data cache path ../../../Engine/DerivedDataCache: Writable
[2014.10.04-14.07.13:132][  0]LogDerivedDataCache: Shared data cache path not found in *engine.ini, will not use an Shared cache.
[2014.10.04-14.07.13:132][  0]LogDerivedDataCache: Unable to find inner node Shared for hierarchical cache Hierarchy.
[2014.10.04-14.07.13:522][  0]LogMeshUtilities: No automatic mesh reduction module available
[2014.10.04-14.07.13:522][  0]LogMeshUtilities: No automatic mesh merging module available
[2014.10.04-14.07.14:136][  0]LogInit: WinSock: version 1.1 (2.2), MaxSocks=32767, MaxUdp=65467
[2014.10.04-14.07.15:304][  0]LogStats:Warning: MetaData mismatch. Did you assign a stat to two groups? New //STATGROUP_Threads//FMonitoredProcess///Thread_3c6c_0///////STATCAT_Advanced//// old //STATGROUP_Threads//FMonitoredProcess///Thread_1b30_0///////STATCAT_Advanced////
[2014.10.04-14.07.15:304][  0]UdpMessaging: Initializing bridge on interface 0.0.0.0:0 to multicast group 230.0.0.1:6666.
[2014.10.04-14.07.15:494][  0]SourceControl: Info Source control is disabled
[2014.10.04-14.07.15:494][  0]SourceControl: Info Source control is disabled
[2014.10.04-14.07.15:514][  0]SourceControl: Info Source control is disabled
[2014.10.04-14.07.15:889][  0]BlueprintLog: New page: Editor Load
[2014.10.04-14.07.16:264][  0]LogObj: 21438 objects as part of root set at end of initial load.
[2014.10.04-14.07.16:264][  0]LogUObjectAllocator: 4218648 out of 0 bytes used by permanent object pool.
[2014.10.04-14.07.16:611][  0]LogEngine: Initializing Engine...
[2014.10.04-14.07.16:796][  0]LogInit: XAudio2 using 'Speakers (Conexant SmartAudio HD)' : 2 channels at 48 kHz using 32 bits per sample (channel mask 0x3)
[2014.10.04-14.07.16:841][  0]LogInit: FAudioDevice initialized.
[2014.10.04-14.07.16:888][  0]LogAIModule: Creating AISystem for world NewWorld
[2014.10.04-14.07.16:921][  0]LogDerivedDataCache: Saved boot cache 0.03s 39MB ../../../../../../Users/MichaB/Documents/GitHub/rocketjump_prototype/RocketJumpPrototype/DerivedDataCache/Boot.ddc.
[2014.10.04-14.07.17:023][  0]LogInit: Texture streaming: Enabled
[2014.10.04-14.07.17:148][  0]LogInit: Transaction tracking system initialized
[2014.10.04-14.07.17:402][  0]LogAssetRegistry: FAssetRegistry took 0.0111 seconds to start up
[2014.10.04-14.07.19:870][  0]LogTargetPlatformManager:Display: Building Assets For Windows
[2014.10.04-14.07.20:420][  0]LogTargetPlatformManager:Display: Building Assets For Windows
[2014.10.04-14.07.20:491][  0]LogModuleManager:Warning: ModuleManager: Unable to load module 'AndroidRuntimeSettings' because the file 'C:/Unreal Engine/Unreal Engine 4.4.0/Unreal Engine/Engine/Binaries/Win64/' was not found.
[2014.10.04-14.07.20:508][  0]LogModuleManager:Warning: ModuleManager: Unable to load module 'AndroidPlatformEditor' because the file 'C:/Unreal Engine/Unreal Engine 4.4.0/Unreal Engine/Engine/Binaries/Win64/' was not found.
[2014.10.04-14.07.20:671][  0]LogConsoleResponse:Display: 
[2014.10.04-14.07.21:156][  0]LogStats:Warning: MetaData mismatch. Did you assign a stat to two groups? New //STATGROUP_Threads//FMonitoredProcess///Thread_1c74_0///////STATCAT_Advanced//// old //STATGROUP_Threads//FMonitoredProcess///Thread_1b30_0///////STATCAT_Advanced////
[2014.10.04-14.07.21:156][  0]LogStats:Warning: MetaData mismatch. Did you assign a stat to two groups? New //STATGROUP_Threads//FMonitoredProcess///Thread_5b24_0///////STATCAT_Advanced//// old //STATGROUP_Threads//FMonitoredProcess///Thread_1b30_0///////STATCAT_Advanced////
[2014.10.04-14.07.21:156][  0]SourceControl: Info Source control is disabled
[2014.10.04-14.07.21:156][  0]Cmd: MAP LOAD FILE="../../../../../../Users/MichaB/Documents/GitHub/rocketjump_prototype/RocketJumpPrototype/Content/Maps/Example_Map.umap" TEMPLATE=0 SHOWPROGRESS=1
[2014.10.04-14.07.21:157][  0]LightingResults: New page: Lighting Build
[2014.10.04-14.07.21:183][  0]MapCheck: New page: Map Check
[2014.10.04-14.07.21:183][  0]LightingResults: New page: Lighting Build
[2014.10.04-14.07.21:205][  0]LogParticles: Destroying 0 GPU particle simulations for FXSystem 0x00000001839551C0
[2014.10.04-14.07.25:752][  0]LogEditorServer: Finished looking for orphan Actors (0.000 secs)
[2014.10.04-14.07.25:752][  0]LogAIModule: Creating AISystem for world Example_Map
[2014.10.04-14.07.25:803][  0]Cmd: MAP CHECKDEP
[2014.10.04-14.07.25:803][  0]MapCheck: New page: Example_Map - Oct 4, 2014, 6:07:25 PM
[2014.10.04-14.07.25:967][  0]MapCheck: Info ========== Map Check: 0 Error(s), 0 Warning(s), [164.181ms] ==========
[2014.10.04-14.07.25:967][  0]LogFileHelpers: Loading map 'Example_Map' took 4.810
[2014.10.04-14.07.26:762][  0]LogCollectionManager: Loaded 0 collections in 0.001969 seconds
[2014.10.04-14.07.27:050][  0]LogCrashTracker: Crashtracker disabled due to settings.
[2014.10.04-14.07.27:204][  0]LogInit: Using libcurl 7.34.0
[2014.10.04-14.07.27:204][  0]LogInit:  - built for x86_64-pc-win32
[2014.10.04-14.07.27:204][  0]LogInit:  - supports SSL with WinSSL
[2014.10.04-14.07.27:204][  0]LogInit:  - other features:
[2014.10.04-14.07.27:204][  0]LogInit:      CURL_VERSION_SSL
[2014.10.04-14.07.27:204][  0]LogInit:      CURL_VERSION_ASYNCHDNS
[2014.10.04-14.07.27:204][  0]LogInit:      CURL_VERSION_LARGEFILE
[2014.10.04-14.07.27:204][  0]LogInit:      CURL_VERSION_IDN
[2014.10.04-14.07.27:204][  0]LogInit: Libcurl will NOT reuse connections
[2014.10.04-14.07.27:231][  0]LogLoad: Full Startup: 19.13 seconds (BP compile: 0.09 seconds)
[2014.10.04-14.07.27:254][  0]LogContentBrowser:Verbose: The content browser source was changed by the sources view to '/Game/Blueprints'
[2014.10.04-14.07.29:594][  0]LogRenderer:Warning: Reallocating scene render targets to support 32x32.
[2014.10.04-14.07.29:940][  0]LogRenderer:Warning: Reallocating scene render targets to support 560x624.
[2014.10.04-14.07.30:346][  2]LogAssetRegistry: Asset discovery search completed in 12.9550 seconds
[2014.10.04-14.07.34:419][111]LogRenderer:Warning: Reallocating scene render targets to support 832x896.
[2014.10.04-14.09.12:633][877]LogSavePackage: Save=275.354034ms
[2014.10.04-14.09.12:633][877]LogSavePackage: Moving '../../../../../../Users/MichaB/Documents/GitHub/rocketjump_prototype/RocketJumpPrototype/Saved/MyCharacter4FC570614B5624FB489C468557CA5FC5.tmp' to '../../../../../../Users/MichaB/Documents/GitHub/rocketjump_prototype/RocketJumpPrototype/Content/Blueprints/MyCharacter.uasset'
[2014.10.04-14.09.13:027][887]BlueprintLog: New page: Compile MyCharacter
[2014.10.04-14.09.13:193][887]LogActorComponent: UnregisterComponent: (/Engine/Transient.CharacterMovementComponent_0) Not registered. Aborting.
[2014.10.04-14.09.13:259][887]BlueprintEditorCompileResults: Info [0125.03] Compile of MyCharacter successful! [in 46 ms]
[2014.10.04-14.09.15:837][943]BlueprintLog: New page: Pre-PIE auto-recompile
[2014.10.04-14.09.15:877][943]LogPlayLevel: [PIE] Compiling Example_Map before PIE...
[2014.10.04-14.09.15:998][943]LogActorComponent: UnregisterComponent: (/Engine/Transient.CharacterMovementComponent_1) Not registered. Aborting.
[2014.10.04-14.09.15:998][943]LogActorComponent: UnregisterComponent: (/Engine/Transient.ProjectileMovementComponent_0) Not registered. Aborting.
[2014.10.04-14.09.16:024][943]LogPlayLevel: PIE:  Blueprint regeneration took 187 ms (1 blueprints)
[2014.10.04-14.09.16:025][943]PIE: New page: PIE session: Example_Map (Oct 4, 2014, 6:09:16 PM)
[2014.10.04-14.09.16:075][943]LogPlayLevel: PIE: StaticDuplicateObject took: (0.050178s)
[2014.10.04-14.09.16:076][943]LogPlayLevel: PIE: World Init took: (0.001249s)
[2014.10.04-14.09.16:076][943]LogPlayLevel: PIE: Created PIE world by copying editor world from /Game/Maps/Example_Map.Example_Map to /Game/Maps/UEDPIE_0_Example_Map.Example_Map (0.051769s)
[2014.10.04-14.09.16:246][943]BlueprintLog:Warning: Warning Blueprint MyHUD has been migrated and requires re-saving to avoid import errors
[2014.10.04-14.09.16:272][943]BlueprintLog:Warning: Warning Blueprin